<?xml version="1.0" encoding="UTF-8"?>
<!DOCTYPE chapter [
  <!ENTITY nbsp "entity-value">
]>

<chapter xmlns="http://docbook.org/ns/docbook" version="5.0" xmlns:xlink="http://www.w3.org/1999/xlink">
  <title>test-correct.xml</title>
  <para>
    This 'quoted phrase' is correct here.
    20 GB is not fine.
    Do not click <link xlink:href="">here</link>.
  </para>
</chapter>